<?xml version="1.0" encoding="UTF-8"?>
<!-- Generated by org.testng.reporters.JUnitReportReporter -->
<testsuite skipped="0" hostname="LAPTOP-ECTHVS1P" name="ABD.Arnab" tests="1" failures="0" timestamp="06 May 2021 10:39:50 GMT" time="8.647" errors="0">
  <testcase name="launchURL" time="8.647" classname="ABD.Arnab"/>
</testsuite> <!-- ABD.Arnab -->
