<?xml version="1.0" encoding="UTF-8"?>
<!-- Generated by org.testng.reporters.JUnitReportReporter -->
<testsuite hostname="AnmolPC" failures="0" tests="1" name="testcases.MainScript" time="24.011" errors="0" timestamp="09 May 2021 10:07:11 GMT" skipped="0">
  <testcase classname="testcases.MainScript" name="test" time="24.011"/>
</testsuite> <!-- testcases.MainScript -->
