<?xml version="1.0" encoding="UTF-8"?>
<!-- Generated by org.testng.reporters.JUnitReportReporter -->
<testsuite hostname="LAPTOP-ECTHVS1P" failures="0" tests="2" name="testcases.TC5_GoogleSignIn" time="9.313" errors="0" timestamp="12 May 2021 14:03:44 GMT" skipped="0">
  <testcase classname="testcases.TC5_GoogleSignIn" name="signUp" time="8.682"/>
  <testcase classname="testcases.TC5_GoogleSignIn" name="screenshotErrMsg" time="0.631"/>
</testsuite> <!-- testcases.TC5_GoogleSignIn -->
