<?xml version="1.0" encoding="UTF-8"?>
<!-- Generated by org.testng.reporters.JUnitReportReporter -->
<testsuite hostname="AnmolPC" failures="0" tests="1" name="testcases.GoogleSignIn" time="14.434" errors="0" timestamp="09 May 2021 16:25:36 GMT" skipped="0">
  <testcase classname="testcases.GoogleSignIn" name="signUp" time="14.434"/>
</testsuite> <!-- testcases.GoogleSignIn -->
