<?xml version="1.0" encoding="UTF-8"?>
<!-- Generated by org.testng.reporters.JUnitReportReporter -->
<testsuite hostname="LAPTOP-ECTHVS1P" failures="0" tests="2" name="testcases.TC4_UsedCars" time="7.798" errors="0" timestamp="12 May 2021 14:03:44 GMT" skipped="0">
  <testcase classname="testcases.TC4_UsedCars" name="usedCarsChn" time="4.259"/>
  <testcase classname="testcases.TC4_UsedCars" name="popularModels" time="3.539"/>
</testsuite> <!-- testcases.TC4_UsedCars -->
