<?xml version="1.0" encoding="UTF-8"?>
<!-- Generated by org.testng.reporters.JUnitReportReporter -->
<testsuite hostname="LAPTOP-ECTHVS1P" failures="0" tests="1" name="testcases.TC2_LaunchURL" time="11.114" errors="0" timestamp="12 May 2021 14:03:44 GMT" skipped="0">
  <testcase classname="testcases.TC2_LaunchURL" name="getURL" time="11.114"/>
</testsuite> <!-- testcases.TC2_LaunchURL -->
