<?xml version="1.0" encoding="UTF-8"?>
<!-- Generated by org.testng.reporters.JUnitReportReporter -->
<testsuite hostname="AnmolPC" failures="0" tests="2" name="testcases.UpcomingBikes" time="21.860" errors="0" timestamp="09 May 2021 16:25:36 GMT" skipped="0">
  <testcase classname="testcases.UpcomingBikes" name="makeHonda" time="18.683"/>
  <testcase classname="testcases.UpcomingBikes" name="newUpcomingBikes" time="3.177"/>
</testsuite> <!-- testcases.UpcomingBikes -->
