<?xml version="1.0" encoding="UTF-8"?>
<!-- Generated by org.testng.reporters.JUnitReportReporter -->
<testsuite hostname="LAPTOP-ECTHVS1P" failures="0" tests="5" name="testcases.TC3_UpcomingBikes" time="11.835" errors="0" timestamp="12 May 2021 14:03:44 GMT" skipped="0">
  <testcase classname="testcases.TC3_UpcomingBikes" name="newUpcomingBikes" time="1.868"/>
  <testcase classname="testcases.TC3_UpcomingBikes" name="makeHonda" time="2.302"/>
  <testcase classname="testcases.TC3_UpcomingBikes" name="hondaBikesDetail" time="1.591"/>
  <testcase classname="testcases.TC3_UpcomingBikes" name="sortingDetails" time="0.003"/>
  <testcase classname="testcases.TC3_UpcomingBikes" name="displayingDetails" time="6.071"/>
</testsuite> <!-- testcases.TC3_UpcomingBikes -->
