<?xml version="1.0" encoding="UTF-8"?>
<!-- Generated by org.testng.reporters.JUnitReportReporter -->
<testsuite hostname="AnmolPC" failures="0" tests="1" name="testcases.BrowserSelect" time="2.883" errors="0" timestamp="09 May 2021 16:25:36 GMT" skipped="0">
  <testcase classname="testcases.BrowserSelect" name="selDriver" time="2.883"/>
</testsuite> <!-- testcases.BrowserSelect -->
