<?xml version="1.0" encoding="UTF-8"?>
<!-- Generated by org.testng.reporters.JUnitReportReporter -->
<testsuite hostname="AnmolPC" failures="0" tests="1" name="testcases.Launch" time="20.657" errors="0" timestamp="07 May 2021 07:16:37 GMT" skipped="0">
  <testcase classname="testcases.Launch" name="browserSetup" time="20.657"/>
</testsuite> <!-- testcases.Launch -->
