<?xml version="1.0" encoding="UTF-8"?>
<!-- Generated by org.testng.reporters.JUnitReportReporter -->
<testsuite hostname="AnmolPC" failures="0" tests="1" name="testcases.TS_case1" time="28.872" errors="0" timestamp="06 May 2021 13:54:20 GMT" skipped="0">
  <testcase classname="testcases.TS_case1" name="browserSetup" time="28.872"/>
</testsuite> <!-- testcases.TS_case1 -->
